Your macro version is 1.33.3


display type: retina
Screen coordinates: 2880x1800
[18:12:53] Macro started - exih_macro 1.33.3
CUDA not available - defaulting to CPU. Note: This module is much faster with a GPU.
CUDA not available - defaulting to CPU. Note: This module is much faster with a GPU.
CUDA not available - defaulting to CPU. Note: This module is much faster with a GPU.
PyNaCl is not installed, voice will NOT be supported
logging in using static token
Session Start
Shard ID None has connected to Gateway (Session ID: d6c20e3e95adf63fdc5fa906caaa7dc0).
2.77 T
[18:13:12]  - Resetting character, Attempt: 1
[2772176967100, 2772176967100, 2772176967100, 2772176967100, 2772176967100, 2772176967100, 2772176967100, 2772176967100, 2772176967100, 2772176967100, 2772176967100, 2772176967100, 2772176967100, 2772176967100, 2772176967100, 2772176967100, 2772176967100, 2772176967100, 2772176967100, 2772176967100, 2772176967100, 2772176967100, 2772176967100, 2772176967100, 2772176967100, 2772176967100, 2772176967100, 2772176967100, 2772176967100, 2772176967100, 2772176967100, 2772176967100, 2772176967100, 2772176967100, 2772176967100, 2772176967100, 2772176967100, 2772176967100, 2772176967100, 2772176967100, 2772176967100, 2772176967100, 2772176967100, 2772176967100, 2772176967100, 2772176967100, 2772176967100, 2772176967100, 2772176967100, 2772176967100, 2772176967100, 2772176967100, 2772176967100, 2772176967100, 2772176967100, 2772176967100, 2772176967100, 2772176967100, 2772176967100, 2772176967100]
OCR for disconnect

ce8Fs
E
OCR for egg shop

27:18.46:31
[18:13:32]  - Starting convert
OCR for dialog


E
E
E
E
E
E
OCR for disconnect

66,327,724Blessingx14CEisttokemslav;514datt Ati2ce
E
E
E
OCR for egg shop

out of energyl It'$ going to sleep:5 out of energyl It's going to sleep:5 out of energyl It's going to sleep.5 out of energyl It'$ going to sleep:5 out of energyl It's going to sleep.Jui ui ciiciYy:nyumly `0 Jieep.
E
E
OCR for dialog


E
E
E
E
E
E
E
E
OCR for disconnect

75,358,977Blessingxl5foken slavEist514dary Arnt z /
E
E
E
OCR for egg shop

427:18.46:00
E
OCR for dialog


E
2.77 T
[2772176967100, 2772176967100, 2772176967100, 2772176967100, 2772176967100, 2772176967100, 2772176967100, 2772176967100, 2772176967100, 2772176967100, 2772176967100, 2772176967100, 2772176967100, 2772176967100, 2772203176580, 2772176967100, 2772176967100, 2772176967100, 2772176967100, 2772176967100, 2772176967100, 2772176967100, 2772176967100, 2772176967100, 2772176967100, 2772176967100, 2772176967100, 2772176967100, 2772176967100, 2772176967100, 2772176967100, 2772176967100, 2772176967100, 2772176967100, 2772176967100, 2772176967100, 2772176967100, 2772176967100, 2772176967100, 2772176967100, 2772176967100, 2772176967100, 2772176967100, 2772176967100, 2772176967100, 2772176967100, 2772176967100, 2772176967100, 2772176967100, 2772176967100, 2772176967100, 2772176967100, 2772176967100, 2772176967100, 2772176967100, 2772176967100, 2772176967100, 2772176967100, 2772176967100, 2772176967100]
E
E
E
E
E
E
E
E
Polle
[18:14:16]  - Convert done
OCR for disconnect

Blessingx1537,884,401EistCtelzenslav510datt Ati2ce
OCR for egg shop

427:18.45:45
OCR for dialog


[18:14:19]  - Moving to canon
OCR for disconnect

01718Ex"cken sllav8175)362231eW"56"_5jj

OCR for egg shop

27:18.45:31
E
OCR for dialog


OCR for bee bear

EFire the Red Cannon
[18:14:34]  - Canon found
[18:14:34]  - Traveling: Pine Tree
OCR for disconnect


OCR for egg shop

27:18.45:20
OCR for dialog

22e1LU111"Oe
[18:14:50] Gathering: Pine Tree - Limit: 15.00 - e_lol - Backpack: 95%
OCR for disconnect

+303+247+165+251000574542+1,20k380330380363 0232s30 "~42510 0-383316oL +1657Lo146ReYae
Pixel Colour: 6909039, Backpack Percentage: 0.
OCR for egg shop

27:18.45:03
OCR for dialog

3
2.77 T
[2772176967100, 2772176967100, 2772176967100, 2772176967100, 2772176967100, 2772176967100, 2772176967100, 2772176967100, 2772176967100, 2772176967100, 2772176967100, 2772176967100, 2772176967100, 2772176967100, 2772203176580, 2772327074908, 2772176967100, 2772176967100, 2772176967100, 2772176967100, 2772176967100, 2772176967100, 2772176967100, 2772176967100, 2772176967100, 2772176967100, 2772176967100, 2772176967100, 2772176967100, 2772176967100, 2772176967100, 2772176967100, 2772176967100, 2772176967100, 2772176967100, 2772176967100, 2772176967100, 2772176967100, 2772176967100, 2772176967100, 2772176967100, 2772176967100, 2772176967100, 2772176967100, 2772176967100, 2772176967100, 2772176967100, 2772176967100, 2772176967100, 2772176967100, 2772176967100, 2772176967100, 2772176967100, 2772176967100, 2772176967100, 2772176967100, 2772176967100, 2772176967100, 2772176967100, 2772176967100]
OCR for disconnect

k009"2k2+10 2k717.7*870 0 "P6898888447 7k768Ty832oARA
Pixel Colour: 6909040, Backpack Percentage: 0.
OCR for egg shop

27:18.44:43
OCR for dialog


OCR for disconnect

Mantis;tokeln slav'162k+5.89k +19.3592kk4124+19.4kihok#.ik#30 Ok+138801#31424574
Pixel Colour: 6974832, Backpack Percentage: 0.
OCR for egg shop

27:18.44:25
[18:15:40] Macro Stopped - 
